This is pdfTeX, Version 3.14159265-2.6-1.40.19 (MiKTeX 2.9.6930 64-bit) (preloaded format=pdflatex 2019.2.11)  25 JUN 2019 21:39
entering extended mode
**./anexos.tex
(anexos.tex
LaTeX2e <2018-12-01>
("C:\Users\mdmar\AppData\Local\Programs\MiKTeX 2.9\tex/latex/memoir\memoir.cls"
Document Class: memoir 2018/12/12 v3.7h configurable book, report, article docu
ment class
\onelineskip=\skip41
\lxvchars=\skip42
\xlvchars=\skip43
\@memcnta=\count80
\c@@memmarkcntra=\count81

("C:\Users\mdmar\AppData\Local\Programs\MiKTeX 2.9\tex/generic/oberdiek\ifpdf.s
ty"
Package: ifpdf 2018/09/07 v3.3 Provides the ifpdf switch
)
("C:\Users\mdmar\AppData\Local\Programs\MiKTeX 2.9\tex/latex/ifetex\ifetex.sty"
Package: ifetex 2018/03/31 v1.2a ifetex
("C:\Users\mdmar\AppData\Local\Programs\MiKTeX 2.9\tex/plain/ifetex\ifetex.tex"
))
("C:\Users\mdmar\AppData\Local\Programs\MiKTeX 2.9\tex/generic/ifxetex\ifxetex.
sty"
Package: ifxetex 2010/09/12 v0.6 Provides ifxetex conditional
)
("C:\Users\mdmar\AppData\Local\Programs\MiKTeX 2.9\tex/generic/oberdiek\ifluate
x.sty"
Package: ifluatex 2016/05/16 v1.4 Provides the ifluatex switch (HO)
Package ifluatex Info: LuaTeX not detected.
)
\stockheight=\skip44
\stockwidth=\skip45
\trimtop=\skip46
\trimedge=\skip47

("C:\Users\mdmar\AppData\Local\Programs\MiKTeX 2.9\tex/latex/memoir\mem12.clo"
File: mem12.clo 2010/10/19 v0.4b memoir class 12pt size option
)
\binding=\skip48
\spinemargin=\skip49
\foremargin=\skip50
\uppermargin=\skip51
\lowermargin=\skip52
\headdrop=\skip53
\normalrulethickness=\skip54
\mem@maxheadheight=\skip55
\mem@maxfootheight=\skip56
\headwidth=\skip57
\c@storedpagenumber=\count82
\memPD=\dimen102
\m@mabparskip=\skip58
\thanksmarkwidth=\skip59
\thanksmarksep=\skip60
\droptitle=\skip61
\c@book=\count83
\c@part=\count84
\c@chapter=\count85
\c@section=\count86
\c@subsection=\count87
\c@subsubsection=\count88
\c@paragraph=\count89
\c@subparagraph=\count90
\beforechapskip=\skip62
\midchapskip=\skip63
\afterchapskip=\skip64
\chapindent=\skip65
\bottomsectionskip=\skip66
\secindent=\skip67
\beforesecskip=\skip68
\aftersecskip=\skip69
\subsecindent=\skip70
\beforesubsecskip=\skip71
\aftersubsecskip=\skip72
\subsubsecindent=\skip73
\beforesubsubsecskip=\skip74
\aftersubsubsecskip=\skip75
\paraindent=\skip76
\beforeparaskip=\skip77
\afterparaskip=\skip78
\subparaindent=\skip79
\beforesubparaskip=\skip80
\aftersubparaskip=\skip81
\pfbreakskip=\skip82
\c@@ppsavesec=\count91
\c@@ppsaveapp=\count92
\ragrparindent=\dimen103
\everylistparindent=\dimen104
\parsepi=\skip83
\topsepi=\skip84
\itemsepi=\skip85
\parsepii=\skip86
\topsepii=\skip87
\topsepiii=\skip88
\itemsepii=\skip89
\itemsepiii=\skip90
\partopsepii=\skip91
\partopsepiii=\skip92
\m@msavetopsep=\skip93
\m@msavepartopsep=\skip94
\@enLab=\toks14
\abstitleskip=\skip95
\absleftindent=\skip96
\abs@leftindent=\dimen105
\absrightindent=\skip97
\absparindent=\skip98
\absparsep=\skip99
\c@vslineno=\count93
\c@poemline=\count94
\c@modulo@vs=\count95
\c@memfvsline=\count96
\vleftskip=\skip100
\vrightskip=\skip101
\stanzaskip=\skip102
\versewidth=\skip103
\vgap=\skip104
\vindent=\skip105
\vleftmargin=\dimen106
\c@verse=\count97
\c@chrsinstr=\count98
\beforepoemtitleskip=\skip106
\afterpoemtitleskip=\skip107
\c@poem=\count99
\beforePoemTitleskip=\skip108
\midPoemTitleskip=\skip109
\afterPoemTitleskip=\skip110
("C:\Users\mdmar\AppData\Local\Programs\MiKTeX 2.9\tex/latex/tools\array.sty"
Package: array 2018/11/13 v2.4j Tabular extension package (FMi)
\col@sep=\dimen107
\ar@mcellbox=\box27
\extrarowheight=\dimen108
\NC@list=\toks15
\extratabsurround=\skip111
\backup@length=\skip112
\ar@cellbox=\box28
)
("C:\Users\mdmar\AppData\Local\Programs\MiKTeX 2.9\tex/latex/tools\dcolumn.sty"
Package: dcolumn 2014/10/28 v1.06 decimal alignment package (DPC)
)
("C:\Users\mdmar\AppData\Local\Programs\MiKTeX 2.9\tex/latex/tools\delarray.sty
"
Package: delarray 2014/10/28 v1.01 array delimiter package (DPC)
)
("C:\Users\mdmar\AppData\Local\Programs\MiKTeX 2.9\tex/latex/tools\tabularx.sty
"
Package: tabularx 2016/02/03 v2.11b `tabularx' package (DPC)
\TX@col@width=\dimen109
\TX@old@table=\dimen110
\TX@old@col=\dimen111
\TX@target=\dimen112
\TX@delta=\dimen113
\TX@cols=\count100
\TX@ftn=\toks16
)
\heavyrulewidth=\dimen114
\lightrulewidth=\dimen115
\cmidrulewidth=\dimen116
\belowrulesep=\dimen117
\belowbottomsep=\dimen118
\aboverulesep=\dimen119
\abovetopsep=\dimen120
\cmidrulesep=\dimen121
\cmidrulekern=\dimen122
\defaultaddspace=\dimen123
\@cmidla=\count101
\@cmidlb=\count102
\@aboverulesep=\dimen124
\@belowrulesep=\dimen125
\@thisruleclass=\count103
\@lastruleclass=\count104
\@thisrulewidth=\dimen126
\ctableftskip=\skip113
\ctabrightskip=\skip114
\abovecolumnspenalty=\count105
\@linestogo=\count106
\@cellstogo=\count107
\@cellsincolumn=\count108
\crtok=\toks17
\@mincolumnwidth=\dimen127
\c@newflo@tctr=\count109
\mem@margin@floatbox=\box29
\@contcwidth=\skip115
\@contindw=\skip116
\abovecaptionskip=\skip117
\belowcaptionskip=\skip118
\subfloattopskip=\skip119
\subfloatcapskip=\skip120
\subfloatcaptopadj=\skip121
\subfloatbottomskip=\skip122
\subfloatlabelskip=\skip123
\subfloatcapmargin=\dimen128
\c@@contsubnum=\count110
\m@mscap@capbox=\box30
\m@mscap@fbox=\box31
\sidecapsep=\dimen129
\sidecapwidth=\dimen130
\m@m@tempdima=\dimen131
\m@mscapraise=\dimen132
\sidecapraise=\dimen133
\m@mscapmainwidth=\dimen134
\m@mscaplkern=\dimen135
\beforeepigraphskip=\skip124
\afterepigraphskip=\skip125
\epigraphwidth=\skip126
\epigraphrule=\skip127
LaTeX Info: Redefining \em on input line 7592.
LaTeX Info: Redefining \emph on input line 7600.
\tocentryskip=\skip128
\tocbaseline=\skip129
\cftparskip=\skip130
\cftbeforebookskip=\skip131
\cftbookindent=\dimen136
\cftbooknumwidth=\dimen137
\cftbeforepartskip=\skip132
\cftpartindent=\skip133
\cftpartnumwidth=\skip134
\cftbeforechapterskip=\skip135
\cftchapterindent=\skip136
\cftchapternumwidth=\skip137
\cftbeforesectionskip=\skip138
\cftsectionindent=\skip139
\cftsectionnumwidth=\skip140
\cftbeforesubsectionskip=\skip141
\cftsubsectionindent=\skip142
\cftsubsectionnumwidth=\skip143
\cftbeforesubsubsectionskip=\skip144
\cftsubsubsectionindent=\skip145
\cftsubsubsectionnumwidth=\skip146
\cftbeforeparagraphskip=\skip147
\cftparagraphindent=\skip148
\cftparagraphnumwidth=\skip149
\cftbeforesubparagraphskip=\skip150
\cftsubparagraphindent=\skip151
\cftsubparagraphnumwidth=\skip152
\prechapterprecisshift=\dimen138
\c@maxsecnumdepth=\count111
\bibindent=\dimen139
\bibitemsep=\skip153
\indexcolsep=\skip154
\indexrule=\skip155
\indexmarkstyle=\toks18
\@indexbox=\insert199
\glossarycolsep=\dimen140
\glossaryrule=\dimen141
\sideparvshift=\skip156
\sideins=\insert198
\sidebartopsep=\skip157
\sidebarhsep=\skip158
\sidebarvsep=\skip159
\sidebarwidth=\skip160
\footmarkwidth=\skip161
\footmarksep=\skip162
\footparindent=\skip163
\footinsdim=\skip164
\footinsv@r=\insert197
\@mpfootinsv@r=\insert196
\m@m@k=\count112
\m@m@h=\dimen142
\m@mipn@skip=\skip165
\sidefootins=\insert195
\sidefootadjust=\skip166
\sidefootheight=\skip167
\sidefoothsep=\skip168
\sidefootvsep=\skip169
\sidefootwidth=\skip170
\m@mdownsf=\skip171
\c@sidefootnote=\count113
\sidefootmarkwidth=\skip172
\sidefootmarksep=\skip173
\sidefootparindent=\skip174
\c@pagenote=\count114
\c@pagenoteshadow=\count115
\mem@pn@lastkern=\skip175
\every@verbatim=\toks19
\afterevery@verbatim=\toks20
\verbatim@line=\toks21
\tab@position=\count116
\verbatim@in@stream=\read1
\verbatimindent=\skip176
\verbatim@out=\write3
\bvboxsep=\skip177
\c@memfbvline=\count117
\c@bvlinectr=\count118
\bvnumlength=\skip178
\fb@frw=\dimen143
\fb@frh=\dimen144
\FrameRule=\dimen145
\FrameSep=\dimen146
\c@cp@cntr=\count119
LaTeX Info: Redefining \: on input line 12114.
LaTeX Info: Redefining \! on input line 12116.
\c@ism@mctr=\count120
\c@xsm@mctr=\count121
\c@csm@mctr=\count122
\c@ksm@mctr=\count123
\c@xksm@mctr=\count124
\c@cksm@mctr=\count125
\c@msm@mctr=\count126
\c@xmsm@mctr=\count127
\c@cmsm@mctr=\count128
\c@bsm@mctr=\count129
\c@workm@mctr=\count130
\c@sheetsequence=\count131
\c@lastsheet=\count132
\c@lastpage=\count133
\c@figure=\count134
\c@lofdepth=\count135
\cftbeforefigureskip=\skip179
\cftfigureindent=\skip180
\cftfigurenumwidth=\skip181
\c@table=\count136
\c@lotdepth=\count137
\cftbeforetableskip=\skip182
\cfttableindent=\skip183
\cfttablenumwidth=\skip184
Package abstract [2008/07/23] emulated by memoir.
Package appendix [2008/07/23] emulated by memoir.
Package booktabs [2016/05/16] emulated by memoir.
Package ccaption [2008/07/23] emulated by memoir.
Package changepage [2008/07/23] emulated by memoir.
Package chngcntr [2008/07/23] emulated by memoir.
Package chngpage [2008/07/23] emulated by memoir.
Package crop emulated by memoir.
Package enumerate [2008/07/23] emulated by memoir.
Package epigraph [2008/07/23] emulated by memoir.
Package ifmtarg [2008/07/23] emulated by memoir.
Package index [2008/07/23] emulated by memoir.
Package makeidx [2008/07/23] emulated by memoir.
Package moreverb [2008/07/23] emulated by memoir.
Package mparhack [2008/07/23] emulated by memoir.
Package needspace [2008/07/23] emulated by memoir.
Package newfile [2008/07/23] emulated by memoir.
Package nextpage [2008/07/23] emulated by memoir.
Package pagenote [2008/07/23] emulated by memoir.
Package parskip [2008/07/23] emulated by memoir.
Package patchcmd [2008/07/23] emulated by memoir.
Package setspace [2008/07/23] emulated by memoir.
Package shortvrb [2008/07/23] emulated by memoir.
Package showidx [2008/07/23] emulated by memoir.
Package titleref [2008/07/23] emulated by memoir.
Package titling [2008/07/23] emulated by memoir.
Package tocbibind [2008/07/23] emulated by memoir.
Package tocloft [2008/07/23] emulated by memoir.
Package tocvsec2 [2008/07/23] emulated by memoir.
Package verbatim [2008/07/23] emulated by memoir.
Package verse [2008/07/23] emulated by memoir.
)
("C:\Users\mdmar\AppData\Local\Programs\MiKTeX 2.9\tex/generic/babel\babel.sty"
Package: babel 2018/11/13 3.27 The Babel package
("C:\Users\mdmar\AppData\Local\Programs\MiKTeX 2.9\tex/generic/babel\switch.def
"
File: switch.def 2018/11/13 3.27 Babel switching mechanism
)
*************************************
* Local config file bblopts.cfg used
*
("C:\Users\mdmar\AppData\Local\Programs\MiKTeX 2.9\tex/latex/arabi\bblopts.cfg"
File: bblopts.cfg 2005/09/08 v0.1 add Arabic and Farsi to "declared" options of
 babel
)
("C:\Users\mdmar\AppData\Local\Programs\MiKTeX 2.9\tex/latex/babel-spanish\span
ish.ldf"
Language: spanish.ldf 2016/03/03 v5.0p Spanish support from the babel system

("C:\Users\mdmar\AppData\Local\Programs\MiKTeX 2.9\tex/generic/babel\babel.def"
File: babel.def 2018/11/13 3.27 Babel common definitions
\babel@savecnt=\count138
\U@D=\dimen147

("C:\Users\mdmar\AppData\Local\Programs\MiKTeX 2.9\tex/generic/babel\txtbabel.d
ef")
\bbl@dirlevel=\count139
)
\es@quottoks=\toks22
\es@quotdepth=\count140
Package babel Info: Making " an active character on input line 561.
Package babel Info: Making . an active character on input line 662.
Package babel Info: Making < an active character on input line 707.
Package babel Info: Making > an active character on input line 707.
))
LaTeX Info: Redefining \. on input line 5.
LaTeX Info: Redefining \% on input line 5.

("C:\Users\mdmar\AppData\Local\Programs\MiKTeX 2.9\tex/latex/base\inputenc.sty"
Package: inputenc 2018/08/11 v1.3c Input encoding file
\inpenc@prehook=\toks23
\inpenc@posthook=\toks24
) ("C:\Users\mdmar\AppData\Local\Programs\MiKTeX 2.9\tex/latex/base\fontenc.sty
"
Package: fontenc 2018/08/11 v2.0j Standard LaTeX package
 ("C:\Users\mdmar\AppData\Local\Programs\MiKTeX 2.9\tex/latex/base\t1enc.def"
File: t1enc.def 2018/08/11 v2.0j Standard LaTeX file
LaTeX Font Info:    Redeclaring font encoding T1 on input line 48.
)) ("C:\Users\mdmar\AppData\Local\Programs\MiKTeX 2.9\tex/latex/lm\lmodern.sty"
Package: lmodern 2009/10/30 v1.6 Latin Modern Fonts
LaTeX Font Info:    Overwriting symbol font `operators' in version `normal'
(Font)                  OT1/cmr/m/n --> OT1/lmr/m/n on input line 22.
LaTeX Font Info:    Overwriting symbol font `letters' in version `normal'
(Font)                  OML/cmm/m/it --> OML/lmm/m/it on input line 23.
LaTeX Font Info:    Overwriting symbol font `symbols' in version `normal'
(Font)                  OMS/cmsy/m/n --> OMS/lmsy/m/n on input line 24.
LaTeX Font Info:    Overwriting symbol font `largesymbols' in version `normal'
(Font)                  OMX/cmex/m/n --> OMX/lmex/m/n on input line 25.
LaTeX Font Info:    Overwriting symbol font `operators' in version `bold'
(Font)                  OT1/cmr/bx/n --> OT1/lmr/bx/n on input line 26.
LaTeX Font Info:    Overwriting symbol font `letters' in version `bold'
(Font)                  OML/cmm/b/it --> OML/lmm/b/it on input line 27.
LaTeX Font Info:    Overwriting symbol font `symbols' in version `bold'
(Font)                  OMS/cmsy/b/n --> OMS/lmsy/b/n on input line 28.
LaTeX Font Info:    Overwriting symbol font `largesymbols' in version `bold'
(Font)                  OMX/cmex/m/n --> OMX/lmex/m/n on input line 29.
LaTeX Font Info:    Overwriting math alphabet `\mathbf' in version `normal'
(Font)                  OT1/cmr/bx/n --> OT1/lmr/bx/n on input line 31.
LaTeX Font Info:    Overwriting math alphabet `\mathsf' in version `normal'
(Font)                  OT1/cmss/m/n --> OT1/lmss/m/n on input line 32.
LaTeX Font Info:    Overwriting math alphabet `\mathit' in version `normal'
(Font)                  OT1/cmr/m/it --> OT1/lmr/m/it on input line 33.
LaTeX Font Info:    Overwriting math alphabet `\mathtt' in version `normal'
(Font)                  OT1/cmtt/m/n --> OT1/lmtt/m/n on input line 34.
LaTeX Font Info:    Overwriting math alphabet `\mathbf' in version `bold'
(Font)                  OT1/cmr/bx/n --> OT1/lmr/bx/n on input line 35.
LaTeX Font Info:    Overwriting math alphabet `\mathsf' in version `bold'
(Font)                  OT1/cmss/bx/n --> OT1/lmss/bx/n on input line 36.
LaTeX Font Info:    Overwriting math alphabet `\mathit' in version `bold'
(Font)                  OT1/cmr/bx/it --> OT1/lmr/bx/it on input line 37.
LaTeX Font Info:    Overwriting math alphabet `\mathtt' in version `bold'
(Font)                  OT1/cmtt/m/n --> OT1/lmtt/m/n on input line 38.
)
("C:\Users\mdmar\AppData\Local\Programs\MiKTeX 2.9\tex/latex/microtype\microtyp
e.sty"
Package: microtype 2018/01/14 v2.7a Micro-typographical refinements (RS)

("C:\Users\mdmar\AppData\Local\Programs\MiKTeX 2.9\tex/latex/graphics\keyval.st
y"
Package: keyval 2014/10/28 v1.15 key=value parser (DPC)
\KV@toks@=\toks25
)
\MT@toks=\toks26
\MT@count=\count141
LaTeX Info: Redefining \textls on input line 793.
\MT@outer@kern=\dimen148
LaTeX Info: Redefining \textmicrotypecontext on input line 1339.
\MT@listname@count=\count142

("C:\Users\mdmar\AppData\Local\Programs\MiKTeX 2.9\tex/latex/microtype\microtyp
e-pdftex.def"
File: microtype-pdftex.def 2018/01/14 v2.7a Definitions specific to pdftex (RS)

LaTeX Info: Redefining \lsstyle on input line 913.
LaTeX Info: Redefining \lslig on input line 913.
\MT@outer@space=\skip185
)
Package microtype Info: Loading configuration file microtype.cfg.

("C:\Users\mdmar\AppData\Local\Programs\MiKTeX 2.9\tex/latex/microtype\microtyp
e.cfg"
File: microtype.cfg 2018/01/14 v2.7a microtype main configuration file (RS)
))
("C:\Users\mdmar\AppData\Local\Programs\MiKTeX 2.9\tex/latex/placeins\placeins.
sty"
Package: placeins 2005/04/18  v 2.2
)
("C:\Users\mdmar\AppData\Local\Programs\MiKTeX 2.9\tex/latex/eurosym\eurosym.st
y"
Package: eurosym 1998/08/06 v1.1 European currency symbol ``Euro''
\@eurobox=\box32
)
("C:\Users\mdmar\AppData\Local\Programs\MiKTeX 2.9\tex/latex/tools\longtable.st
y"
Package: longtable 2014/10/28 v4.11 Multi-page Table package (DPC)
\LTleft=\skip186
\LTright=\skip187
\LTpre=\skip188
\LTpost=\skip189
\LTchunksize=\count143
\LTcapwidth=\dimen149
\LT@head=\box33
\LT@firsthead=\box34
\LT@foot=\box35
\LT@lastfoot=\box36
\LT@cols=\count144
\LT@rows=\count145
\c@LT@tables=\count146
\c@LT@chunks=\count147
\LT@p@ftn=\toks27
)
("C:\Users\mdmar\AppData\Local\Programs\MiKTeX 2.9\tex/latex/natbib\natbib.sty"
Package: natbib 2010/09/13 8.31b (PWD, AO)
\bibhang=\skip190
\bibsep=\skip191
LaTeX Info: Redefining \cite on input line 694.
\c@NAT@ctr=\count148
) ("C:\Users\mdmar\AppData\Local\Programs\MiKTeX 2.9\tex/latex/xcolor\xcolor.st
y"
Package: xcolor 2016/05/11 v2.12 LaTeX color extensions (UK)

("C:\Users\mdmar\AppData\Local\Programs\MiKTeX 2.9\tex/latex/graphics-cfg\color
.cfg"
File: color.cfg 2016/01/02 v1.6 sample color configuration
)
Package xcolor Info: Driver file: pdftex.def on input line 225.

("C:\Users\mdmar\AppData\Local\Programs\MiKTeX 2.9\tex/latex/graphics-def\pdfte
x.def"
File: pdftex.def 2018/01/08 v1.0l Graphics/color driver for pdftex
)
("C:\Users\mdmar\AppData\Local\Programs\MiKTeX 2.9\tex/latex/colortbl\colortbl.
sty"
Package: colortbl 2018/12/12 v1.0d Color table columns (DPC)
\everycr=\toks28
\minrowclearance=\skip192
)
\rownum=\count149
Package xcolor Info: Model `cmy' substituted by `cmy0' on input line 1348.
Package xcolor Info: Model `hsb' substituted by `rgb' on input line 1352.
Package xcolor Info: Model `RGB' extended on input line 1364.
Package xcolor Info: Model `HTML' substituted by `rgb' on input line 1366.
Package xcolor Info: Model `Hsb' substituted by `hsb' on input line 1367.
Package xcolor Info: Model `tHsb' substituted by `hsb' on input line 1368.
Package xcolor Info: Model `HSB' substituted by `hsb' on input line 1369.
Package xcolor Info: Model `Gray' substituted by `gray' on input line 1370.
Package xcolor Info: Model `wave' substituted by `hsb' on input line 1371.
)
("C:\Users\mdmar\AppData\Local\Programs\MiKTeX 2.9\tex/latex/xtab\xtab.sty"
Package: xtab 2011/07/31 v2.3f Extended supertabular package
\c@tracingst=\count150
\PWSTcapht=\dimen150
\ST@wd=\dimen151
\ST@rightskip=\skip193
\ST@leftskip=\skip194
\ST@parfillskip=\skip256
\c@PWSTtable=\count151
\PWSTlastpage=\count152
\PWSTpenultimate=\count153
\PWSTcurpage=\count154
\PWSTtempc=\count155
\PWSTlines=\count156
\PWST@lastht=\dimen152
\PWST@generalht=\dimen153
\PWST@ht=\dimen154
\ST@pageleft=\dimen155
\ST@headht=\dimen156
\ST@tailht=\dimen157
\ST@pagesofar=\dimen158
\ST@pboxht=\dimen159
\ST@lineht=\dimen160
\ST@stretchht=\dimen161
\ST@prevht=\dimen162
\ST@toadd=\dimen163
\ST@dimen=\dimen164
\ST@pbox=\box37
)
("C:\Users\mdmar\AppData\Local\Programs\MiKTeX 2.9\tex/latex/multirow\multirow.
sty"
Package: multirow 2019/01/01 v2.4 Span multiple rows of a table
\multirow@colwidth=\skip257
\multirow@cntb=\count157
\multirow@dima=\skip258
\bigstrutjot=\dimen165
)
("C:\Users\mdmar\AppData\Local\Programs\MiKTeX 2.9\tex/latex/hyperref\hyperref.
sty"
Package: hyperref 2018/11/30 v6.88e Hypertext links for LaTeX

("C:\Users\mdmar\AppData\Local\Programs\MiKTeX 2.9\tex/generic/oberdiek\hobsub-
hyperref.sty"
Package: hobsub-hyperref 2016/05/16 v1.14 Bundle oberdiek, subset hyperref (HO)


("C:\Users\mdmar\AppData\Local\Programs\MiKTeX 2.9\tex/generic/oberdiek\hobsub-
generic.sty"
Package: hobsub-generic 2016/05/16 v1.14 Bundle oberdiek, subset generic (HO)
Package: hobsub 2016/05/16 v1.14 Construct package bundles (HO)
Package: infwarerr 2016/05/16 v1.4 Providing info/warning/error messages (HO)
Package: ltxcmds 2016/05/16 v1.23 LaTeX kernel commands for general use (HO)
Package hobsub Info: Skipping package `ifluatex' (already loaded).
Package: ifvtex 2016/05/16 v1.6 Detect VTeX and its facilities (HO)
Package ifvtex Info: VTeX not detected.
Package: intcalc 2016/05/16 v1.2 Expandable calculations with integers (HO)
Package hobsub Info: Skipping package `ifpdf' (already loaded).
Package: etexcmds 2016/05/16 v1.6 Avoid name clashes with e-TeX commands (HO)
Package: kvsetkeys 2016/05/16 v1.17 Key value parser (HO)
Package: kvdefinekeys 2016/05/16 v1.4 Define keys (HO)
Package: pdftexcmds 2018/09/10 v0.29 Utility functions of pdfTeX for LuaTeX (HO
)
Package pdftexcmds Info: LuaTeX not detected.
Package pdftexcmds Info: \pdf@primitive is available.
Package pdftexcmds Info: \pdf@ifprimitive is available.
Package pdftexcmds Info: \pdfdraftmode found.
Package: pdfescape 2016/05/16 v1.14 Implements pdfTeX's escape features (HO)
Package: bigintcalc 2016/05/16 v1.4 Expandable calculations on big integers (HO
)
Package: bitset 2016/05/16 v1.2 Handle bit-vector datatype (HO)
Package: uniquecounter 2016/05/16 v1.3 Provide unlimited unique counter (HO)
)
Package hobsub Info: Skipping package `hobsub' (already loaded).
Package: letltxmacro 2016/05/16 v1.5 Let assignment for LaTeX macros (HO)
Package: hopatch 2016/05/16 v1.3 Wrapper for package hooks (HO)
Package: xcolor-patch 2016/05/16 xcolor patch
Package: atveryend 2016/05/16 v1.9 Hooks at the very end of document (HO)
Package atveryend Info: \enddocument detected (standard20110627).
Package: atbegshi 2016/06/09 v1.18 At begin shipout hook (HO)
Package: refcount 2016/05/16 v3.5 Data extraction from label references (HO)
Package: hycolor 2016/05/16 v1.8 Color options for hyperref/bookmark (HO)
)
("C:\Users\mdmar\AppData\Local\Programs\MiKTeX 2.9\tex/latex/oberdiek\auxhook.s
ty"
Package: auxhook 2016/05/16 v1.4 Hooks for auxiliary files (HO)
)
("C:\Users\mdmar\AppData\Local\Programs\MiKTeX 2.9\tex/latex/oberdiek\kvoptions
.sty"
Package: kvoptions 2016/05/16 v3.12 Key value format for package options (HO)
)
\@linkdim=\dimen166
\Hy@linkcounter=\count158
\Hy@pagecounter=\count159

("C:\Users\mdmar\AppData\Local\Programs\MiKTeX 2.9\tex/latex/hyperref\pd1enc.de
f"
File: pd1enc.def 2018/11/30 v6.88e Hyperref: PDFDocEncoding definition (HO)
Now handling font encoding PD1 ...
... no UTF-8 mapping file for font encoding PD1
)
\Hy@SavedSpaceFactor=\count160

("C:\Users\mdmar\AppData\Local\Programs\MiKTeX 2.9\tex/latex/00miktex\hyperref.
cfg"
File: hyperref.cfg 2002/06/06 v1.2 hyperref configuration of TeXLive
)
Package hyperref Info: Option `colorlinks' set `true' on input line 4393.
Package hyperref Info: Hyper figures OFF on input line 4519.
Package hyperref Info: Link nesting OFF on input line 4524.
Package hyperref Info: Hyper index ON on input line 4527.
Package hyperref Info: Plain pages OFF on input line 4534.
Package hyperref Info: Backreferencing OFF on input line 4539.
Package hyperref Info: Implicit mode ON; LaTeX internals redefined.
Package hyperref Info: Bookmarks ON on input line 4772.
\c@Hy@tempcnt=\count161
 ("C:\Users\mdmar\AppData\Local\Programs\MiKTeX 2.9\tex/latex/url\url.sty"
\Urlmuskip=\muskip10
Package: url 2013/09/16  ver 3.4  Verb mode for urls, etc.
)
LaTeX Info: Redefining \url on input line 5125.
\XeTeXLinkMargin=\dimen167
\Fld@menulength=\count162
\Field@Width=\dimen168
\Fld@charsize=\dimen169
Package hyperref Info: Hyper figures OFF on input line 6380.
Package hyperref Info: Link nesting OFF on input line 6385.
Package hyperref Info: Hyper index ON on input line 6388.
Package hyperref Info: backreferencing OFF on input line 6395.
Package hyperref Info: Link coloring ON on input line 6398.
Package hyperref Info: Link coloring with OCG OFF on input line 6405.
Package hyperref Info: PDF/A mode OFF on input line 6410.
LaTeX Info: Redefining \ref on input line 6450.
LaTeX Info: Redefining \pageref on input line 6454.
\Hy@abspage=\count163
\c@Item=\count164
\c@Hfootnote=\count165
)
("C:\Users\mdmar\AppData\Local\Programs\MiKTeX 2.9\tex/latex/memoir\memhfixc.st
y"
Package: memhfixc 2013/05/30 v1.17 nameref/hyperref package fixes for memoir cl
ass
\c@memhycontfloat=\count166
\c@Hpagenote=\count167
)
Package hyperref Info: Driver (autodetected): hpdftex.

("C:\Users\mdmar\AppData\Local\Programs\MiKTeX 2.9\tex/latex/hyperref\hpdftex.d
ef"
File: hpdftex.def 2018/11/30 v6.88e Hyperref driver for pdfTeX
\Fld@listcount=\count168
\c@bookmark@seq@number=\count169

("C:\Users\mdmar\AppData\Local\Programs\MiKTeX 2.9\tex/latex/oberdiek\rerunfile
check.sty"
Package: rerunfilecheck 2016/05/16 v1.8 Rerun checks for auxiliary files (HO)
Package uniquecounter Info: New unique counter `rerunfilecheck' on input line 2
82.
)
\Hy@SectionHShift=\skip259
)
("C:\Users\mdmar\AppData\Local\Programs\MiKTeX 2.9\tex/latex/amsmath\amsmath.st
y"
Package: amsmath 2018/12/01 v2.17b AMS math features
\@mathmargin=\skip260

For additional information on amsmath, use the `?' option.

("C:\Users\mdmar\AppData\Local\Programs\MiKTeX 2.9\tex/latex/amsmath\amstext.st
y"
Package: amstext 2000/06/29 v2.01 AMS text

("C:\Users\mdmar\AppData\Local\Programs\MiKTeX 2.9\tex/latex/amsmath\amsgen.sty
"
File: amsgen.sty 1999/11/30 v2.0 generic functions
\@emptytoks=\toks29
\ex@=\dimen170
))
("C:\Users\mdmar\AppData\Local\Programs\MiKTeX 2.9\tex/latex/amsmath\amsbsy.sty
"
Package: amsbsy 1999/11/29 v1.2d Bold Symbols
\pmbraise@=\dimen171
)
("C:\Users\mdmar\AppData\Local\Programs\MiKTeX 2.9\tex/latex/amsmath\amsopn.sty
"
Package: amsopn 2016/03/08 v2.02 operator names
)
\inf@bad=\count170
LaTeX Info: Redefining \frac on input line 223.
\uproot@=\count171
\leftroot@=\count172
LaTeX Info: Redefining \overline on input line 385.
\classnum@=\count173
\DOTSCASE@=\count174
LaTeX Info: Redefining \ldots on input line 482.
LaTeX Info: Redefining \dots on input line 485.
LaTeX Info: Redefining \cdots on input line 606.
\Mathstrutbox@=\box38
\strutbox@=\box39
\big@size=\dimen172
LaTeX Font Info:    Redeclaring font encoding OML on input line 729.
LaTeX Font Info:    Redeclaring font encoding OMS on input line 730.
\macc@depth=\count175
\c@MaxMatrixCols=\count176
\dotsspace@=\muskip11
\c@parentequation=\count177
\dspbrk@lvl=\count178
\tag@help=\toks30
\row@=\count179
\column@=\count180
\maxfields@=\count181
\andhelp@=\toks31
\eqnshift@=\dimen173
\alignsep@=\dimen174
\tagshift@=\dimen175
\tagwidth@=\dimen176
\totwidth@=\dimen177
\lineht@=\dimen178
\@envbody=\toks32
\multlinegap=\skip261
\multlinetaggap=\skip262
\mathdisplay@stack=\toks33
LaTeX Info: Redefining \[ on input line 2844.
LaTeX Info: Redefining \] on input line 2845.
)
("C:\Users\mdmar\AppData\Local\Programs\MiKTeX 2.9\tex/latex/graphics\graphicx.
sty"
Package: graphicx 2017/06/01 v1.1a Enhanced LaTeX Graphics (DPC,SPQR)

("C:\Users\mdmar\AppData\Local\Programs\MiKTeX 2.9\tex/latex/graphics\graphics.
sty"
Package: graphics 2017/06/25 v1.2c Standard LaTeX Graphics (DPC,SPQR)

("C:\Users\mdmar\AppData\Local\Programs\MiKTeX 2.9\tex/latex/graphics\trig.sty"
Package: trig 2016/01/03 v1.10 sin cos tan (DPC)
)
("C:\Users\mdmar\AppData\Local\Programs\MiKTeX 2.9\tex/latex/graphics-cfg\graph
ics.cfg"
File: graphics.cfg 2016/06/04 v1.11 sample graphics configuration
)
Package graphics Info: Driver file: pdftex.def on input line 99.
)
\Gin@req@height=\dimen179
\Gin@req@width=\dimen180
)
("C:\Users\mdmar\AppData\Local\Programs\MiKTeX 2.9\tex/latex/float\float.sty"
Package: float 2001/11/08 v1.3d Float enhancements (AL)
\c@float@type=\count182
\float@exts=\toks34
\float@box=\box40
\@float@everytoks=\toks35
\@floatcapt=\box41
)
(anexos.aux
LaTeX Info: Redefining \. on input line 24.
LaTeX Info: Redefining \% on input line 24.
LaTeX Info: Redefining \. on input line 25.
LaTeX Info: Redefining \% on input line 25.
 (tex/A_Plan_proyecto.aux) (tex/B_Requisitos.aux

LaTeX Warning: Label `tabla:b1' multiply defined.


LaTeX Warning: Label `tabla:b1' multiply defined.


LaTeX Warning: Label `tabla:b1' multiply defined.


LaTeX Warning: Label `tabla:b1' multiply defined.


LaTeX Warning: Label `tabla:b1' multiply defined.


LaTeX Warning: Label `tabla:b1' multiply defined.


LaTeX Warning: Label `tabla:b1' multiply defined.

) (tex/C_Diseno.aux) (tex/D_Manual_programador.aux) (tex/E_Manual_usuario.aux))
\openout1 = `anexos.aux'.

LaTeX Font Info:    Checking defaults for OML/cmm/m/it on input line 358.
LaTeX Font Info:    ... okay on input line 358.
LaTeX Font Info:    Checking defaults for T1/cmr/m/n on input line 358.
LaTeX Font Info:    ... okay on input line 358.
LaTeX Font Info:    Checking defaults for OT1/cmr/m/n on input line 358.
LaTeX Font Info:    ... okay on input line 358.
LaTeX Font Info:    Checking defaults for OMS/cmsy/m/n on input line 358.
LaTeX Font Info:    ... okay on input line 358.
LaTeX Font Info:    Checking defaults for OMX/cmex/m/n on input line 358.
LaTeX Font Info:    ... okay on input line 358.
LaTeX Font Info:    Checking defaults for U/cmr/m/n on input line 358.
LaTeX Font Info:    ... okay on input line 358.
LaTeX Font Info:    Checking defaults for PD1/pdf/m/n on input line 358.
LaTeX Font Info:    ... okay on input line 358.
LaTeX Font Info:    Try loading font information for T1+lmr on input line 358.
("C:\Users\mdmar\AppData\Local\Programs\MiKTeX 2.9\tex/latex/lm\t1lmr.fd"
File: t1lmr.fd 2009/10/30 v1.6 Font defs for Latin Modern
)
LaTeX Info: Redefining \. on input line 358.
LaTeX Info: Redefining \% on input line 358.
LaTeX Info: Redefining \microtypecontext on input line 358.
Package microtype Info: Generating PDF output.
Package microtype Info: Character protrusion enabled (level 2).
Package microtype Info: Using default protrusion set `alltext'.
Package microtype Info: Automatic font expansion enabled (level 2),
(microtype)             stretch: 20, shrink: 20, step: 1, non-selected.
Package microtype Info: Using default expansion set `basictext'.
Package microtype Info: No adjustment of tracking.
Package microtype Info: No adjustment of interword spacing.
Package microtype Info: No adjustment of character kerning.

("C:\Users\mdmar\AppData\Local\Programs\MiKTeX 2.9\tex/latex/microtype\mt-cmr.c
fg"
File: mt-cmr.cfg 2013/05/19 v2.2 microtype config. file: Computer Modern Roman 
(RS)
)
("C:\Users\mdmar\AppData\Local\Programs\MiKTeX 2.9\tex/context/base\supp-pdf.mk
ii"
[Loading MPS to PDF converter (version 2006.09.02).]
\scratchcounter=\count183
\scratchdimen=\dimen181
\scratchbox=\box42
\nofMPsegments=\count184
\nofMParguments=\count185
\everyMPshowfont=\toks36
\MPscratchCnt=\count186
\MPscratchDim=\dimen182
\MPnumerator=\count187
\makeMPintoPDFobject=\count188
\everyMPtoPDFconversion=\toks37
)
("C:\Users\mdmar\AppData\Local\Programs\MiKTeX 2.9\tex/latex/oberdiek\epstopdf-
base.sty"
Package: epstopdf-base 2016/05/15 v2.6 Base part for package epstopdf

("C:\Users\mdmar\AppData\Local\Programs\MiKTeX 2.9\tex/latex/oberdiek\grfext.st
y"
Package: grfext 2016/05/16 v1.2 Manage graphics extensions (HO)
)
Package epstopdf-base Info: Redefining graphics rule for `.eps' on input line 4
38.
Package grfext Info: Graphics extension search list:
(grfext)             [.pdf,.png,.jpg,.mps,.jpeg,.jbig2,.jb2,.PDF,.PNG,.JPG,.JPE
G,.JBIG2,.JB2,.eps]
(grfext)             \AppendGraphicsExtensions on input line 456.
)
\AtBeginShipoutBox=\box43
Package hyperref Info: Link coloring ON on input line 358.

("C:\Users\mdmar\AppData\Local\Programs\MiKTeX 2.9\tex/latex/hyperref\nameref.s
ty"
Package: nameref 2016/05/21 v2.44 Cross-referencing by name of section

("C:\Users\mdmar\AppData\Local\Programs\MiKTeX 2.9\tex/generic/oberdiek\gettitl
estring.sty"
Package: gettitlestring 2016/05/16 v1.5 Cleanup title references (HO)
)
\c@section@level=\count189
)
Redoing nameref's sectioning
Redoing nameref's label
LaTeX Info: Redefining \nameref on input line 358.
LaTeX Info: Redefining \ref on input line 358.
LaTeX Info: Redefining \pageref on input line 358.
LaTeX Info: Redefining \nameref on input line 358.
(anexos.out) (anexos.out)
\@outlinefile=\write4
\openout4 = `anexos.out'.

<./img/cabecera.pdf, id=119, 617.67549pt x 135.51413pt>
File: ./img/cabecera.pdf Graphic file (type pdf)
<use ./img/cabecera.pdf>
Package pdftex.def Info: ./img/cabecera.pdf  used on input line 360.
(pdftex.def)             Requested size: 383.0pt x 84.02823pt.
LaTeX Font Info:    Try loading font information for OT1+lmr on input line 360.


("C:\Users\mdmar\AppData\Local\Programs\MiKTeX 2.9\tex/latex/lm\ot1lmr.fd"
File: ot1lmr.fd 2009/10/30 v1.6 Font defs for Latin Modern
)
LaTeX Font Info:    Try loading font information for OML+lmm on input line 360.


("C:\Users\mdmar\AppData\Local\Programs\MiKTeX 2.9\tex/latex/lm\omllmm.fd"
File: omllmm.fd 2009/10/30 v1.6 Font defs for Latin Modern
)
LaTeX Font Info:    Try loading font information for OMS+lmsy on input line 360
.

("C:\Users\mdmar\AppData\Local\Programs\MiKTeX 2.9\tex/latex/lm\omslmsy.fd"
File: omslmsy.fd 2009/10/30 v1.6 Font defs for Latin Modern
)
LaTeX Font Info:    Try loading font information for OMX+lmex on input line 360
.

("C:\Users\mdmar\AppData\Local\Programs\MiKTeX 2.9\tex/latex/lm\omxlmex.fd"
File: omxlmex.fd 2009/10/30 v1.6 Font defs for Latin Modern
)
LaTeX Font Info:    External font `lmex10' loaded for size
(Font)              <12> on input line 360.
LaTeX Font Info:    External font `lmex10' loaded for size
(Font)              <8> on input line 360.
LaTeX Font Info:    External font `lmex10' loaded for size
(Font)              <6> on input line 360.
<./img/escudoInfor.pdf, id=120, 618.11432pt x 737.07487pt>
File: ./img/escudoInfor.pdf Graphic file (type pdf)
<use ./img/escudoInfor.pdf>
Package pdftex.def Info: ./img/escudoInfor.pdf  used on input line 360.
(pdftex.def)             Requested size: 76.59883pt x 91.3356pt.

Overfull \hbox (27.54143pt too wide) in paragraph at lines 360--360
[][][][][][][] $[]$ 
 []

[1

{C:/Users/mdmar/AppData/Local/MiKTeX/2.9/pdftex/config/pdftex.map} <./img/cabec
era.pdf> <./img/escudoInfor.pdf

pdfTeX warning: pdflatex (file ./img/escudoInfor.pdf): PDF inclusion: multiple 
pdfs with page group included in a single page
>] [2

]
LaTeX Font Info:    Try loading font information for T1+lmss on input line 379.

 ("C:\Users\mdmar\AppData\Local\Programs\MiKTeX 2.9\tex/latex/lm\t1lmss.fd"
File: t1lmss.fd 2009/10/30 v1.6 Font defs for Latin Modern
)
Package microtype Info: Loading generic protrusion settings for font family
(microtype)             `lmss' (encoding: T1).
(microtype)             For optimal results, create family-specific settings.
(microtype)             See the microtype manual for details.
 (anexos.toc
LaTeX Info: Redefining \. on input line 1.
LaTeX Info: Redefining \% on input line 1.
LaTeX Info: Redefining \. on input line 2.
LaTeX Info: Redefining \% on input line 2.


LaTeX Font Warning: Font shape `T1/lmr/bx/sc' undefined
(Font)              using `T1/lmr/bx/n' instead on input line 3.


Package spanish Warning: Replacing `T1/lmr/bx/sc' by 
(spanish)                faked small caps on input line 3.


Package spanish Warning: Replacing `T1/lmr/bx/sc' by 
(spanish)                faked small caps on input line 4.


Package spanish Warning: Replacing `T1/lmr/bx/sc' by 
(spanish)                faked small caps on input line 5.

Package microtype Info: Character `029' is missing
(microtype)             in font `T1/lmr/m/sc/12'.
(microtype)             Ignoring protrusion settings for this character.
[1



])
LaTeX Info: Redefining \. on input line 380.
LaTeX Info: Redefining \% on input line 380.


Class memoir Warning: The material used in the headers is too large
(15.35403pt) for the given head height (14.5pt), it is recommended to
either increase the head height or redesign the header
(in both cases you will find help in the memoir manual). on input line 380.


Overfull \vbox (0.85403pt too high) has occurred while \output is active []


[2] (anexos.lof
LaTeX Info: Redefining \. on input line 1.
LaTeX Info: Redefining \% on input line 1.
LaTeX Info: Redefining \. on input line 2.
LaTeX Info: Redefining \% on input line 2.
) [3

] (anexos.lot
LaTeX Info: Redefining \. on input line 1.
LaTeX Info: Redefining \% on input line 1.
LaTeX Info: Redefining \. on input line 2.
LaTeX Info: Redefining \% on input line 2.
) [4

]
\openout2 = `./tex/A_Plan_proyecto.aux'.

 (tex/A_Plan_proyecto.tex
LaTeX Font Info:    Font shape `T1/lmss/m/it' in size <17.28> not available
(Font)              Font shape `T1/lmss/m/sl' tried instead on input line 1.
pdfTeX warning (ext4): destination with the same identifier (name{page.1}) has 
been already used, duplicate ignored
<to be read again> 
                   \relax 
l.28 
      [1




]
LaTeX Info: Redefining \. on input line 62.
LaTeX Info: Redefining \% on input line 62.

Overfull \vbox (0.85403pt too high) has occurred while \output is active []

pdfTeX warning (ext4): destination with the same identifier (name{page.2}) has 
been already used, duplicate ignored
<to be read again> 
                   \relax 
l.62 \end{itemize}
                   [2]
LaTeX Info: Redefining \. on input line 100.
LaTeX Info: Redefining \% on input line 100.

Overfull \vbox (0.85403pt too high) has occurred while \output is active []


[3]
Overfull \hbox (1.26994pt too wide) in paragraph at lines 124--125
\T1/lmr/m/n/12 (-20) una ru-ta co-mo la si-guien-te \T1/lmr/m/it/12 (-20) C:/Us
ers/mdmar/Desktop/ficheroBueno.csv\T1/lmr/m/n/12 (-20) ,
 []

LaTeX Info: Redefining \. on input line 134.
LaTeX Info: Redefining \% on input line 134.

Overfull \vbox (0.85403pt too high) has occurred while \output is active []


[4]
LaTeX Info: Redefining \. on input line 168.
LaTeX Info: Redefining \% on input line 168.

Overfull \vbox (0.85403pt too high) has occurred while \output is active []


[5]
LaTeX Info: Redefining \. on input line 202.
LaTeX Info: Redefining \% on input line 202.

Overfull \vbox (0.85403pt too high) has occurred while \output is active []


[6]
LaTeX Info: Redefining \. on input line 236.
LaTeX Info: Redefining \% on input line 236.

Overfull \vbox (0.85403pt too high) has occurred while \output is active []


[7]
LaTeX Info: Redefining \. on input line 344.
LaTeX Info: Redefining \% on input line 344.

Overfull \vbox (0.85403pt too high) has occurred while \output is active []


[8])
LaTeX Info: Redefining \. on input line 394.
LaTeX Info: Redefining \% on input line 394.
 [9]
\openout2 = `./tex/B_Requisitos.aux'.

 (tex/B_Requisitos.tex [10



]
Underfull \vbox (badness 1087) has occurred while \output is active []

 [11]
LaTeX Font Info:    Try loading font information for OMS+lmr on input line 28.

("C:\Users\mdmar\AppData\Local\Programs\MiKTeX 2.9\tex/latex/lm\omslmr.fd"
File: omslmr.fd 2009/10/30 v1.6 Font defs for Latin Modern
)
LaTeX Font Info:    Font shape `OMS/lmr/m/n' in size <12> not available
(Font)              Font shape `OMS/lmsy/m/n' tried instead on input line 28.
LaTeX Info: Redefining \. on input line 53.
LaTeX Info: Redefining \% on input line 53.

Overfull \vbox (0.85403pt too high) has occurred while \output is active []


[12]
LaTeX Info: Redefining \. on input line 56.
LaTeX Info: Redefining \% on input line 56.
 [13]
<./img/diagramaUML.png, id=649, 757.3896pt x 469.2732pt>
File: ./img/diagramaUML.png Graphic file (type png)
<use ./img/diagramaUML.png>
Package pdftex.def Info: ./img/diagramaUML.png  used on input line 65.
(pdftex.def)             Requested size: 344.69766pt x 213.56976pt.

Overfull \hbox (14.22638pt too wide) in paragraph at lines 89--89
[]|[]| 
 []


Overfull \hbox (14.22638pt too wide) in paragraph at lines 89--89
[]|[]| 
 []


Overfull \hbox (2.22562pt too wide) in paragraph at lines 89--89
[]|\T1/lmr/m/n/12 (-20) Paso| 
 []


Overfull \hbox (0.72644pt too wide) in paragraph at lines 89--89
[]|\T1/lmr/m/n/12 (-20) Alta| 
 []


Overfull \hbox (0.72644pt too wide) in paragraph at lines 89--89
[]|\T1/lmr/m/n/12 (-20) Alta| 
 []

! Misplaced \noalign.
\bottomrule ->\noalign 
                       {\ifnum 0=`}\fi \@aboverulesep =\aboverulesep \global...
l.89 }
      
I expect to see \noalign only after the \cr of
an alignment. Proceed, and I'll ignore this case.


Overfull \hbox (29.999pt too wide) in paragraph at lines 89--89
 [] 
 []


Underfull \vbox (badness 10000) has occurred while \output is active []

LaTeX Info: Redefining \. on input line 90.
LaTeX Info: Redefining \% on input line 90.

Overfull \vbox (0.85403pt too high) has occurred while \output is active []


[14pdfTeX warning (ext4): destination with the same identifier (name{figure.Alp
h2.1}) has been already used, duplicate ignored

\AtBegShi@Output ...ipout \box \AtBeginShipoutBox 
                                                  \fi \fi 
l.90 
      <./img/diagramaUML.png>]
Overfull \hbox (14.22638pt too wide) in paragraph at lines 114--114
[]|[]| 
 []


Overfull \hbox (14.22638pt too wide) in paragraph at lines 114--114
[]|[]| 
 []


Overfull \hbox (2.22562pt too wide) in paragraph at lines 114--114
[]|\T1/lmr/m/n/12 (-20) Paso| 
 []


Overfull \hbox (0.72644pt too wide) in paragraph at lines 114--114
[]|\T1/lmr/m/n/12 (-20) Alta| 
 []


Overfull \hbox (0.72644pt too wide) in paragraph at lines 114--114
[]|\T1/lmr/m/n/12 (-20) Alta| 
 []

! Misplaced \noalign.
\bottomrule ->\noalign 
                       {\ifnum 0=`}\fi \@aboverulesep =\aboverulesep \global...
l.114 }
       
I expect to see \noalign only after the \cr of
an alignment. Proceed, and I'll ignore this case.


Overfull \hbox (29.999pt too wide) in paragraph at lines 114--114
 [] 
 []


Underfull \vbox (badness 10000) has occurred while \output is active []

LaTeX Info: Redefining \. on input line 115.
LaTeX Info: Redefining \% on input line 115.

Overfull \vbox (0.85403pt too high) has occurred while \output is active []


[15pdfTeX warning (ext4): destination with the same identifier (name{table.Alph
2.1}) has been already used, duplicate ignored

\AtBegShi@Output ...ipout \box \AtBeginShipoutBox 
                                                  \fi \fi 
l.115 
      ]
Overfull \hbox (14.22638pt too wide) in paragraph at lines 139--139
[]|[]| 
 []


Overfull \hbox (14.22638pt too wide) in paragraph at lines 139--139
[]|[]| 
 []


Overfull \hbox (2.22562pt too wide) in paragraph at lines 139--139
[]|\T1/lmr/m/n/12 (-20) Paso| 
 []


Overfull \hbox (0.72644pt too wide) in paragraph at lines 139--139
[]|\T1/lmr/m/n/12 (-20) Alta| 
 []


Overfull \hbox (0.72644pt too wide) in paragraph at lines 139--139
[]|\T1/lmr/m/n/12 (-20) Alta| 
 []

! Misplaced \noalign.
\bottomrule ->\noalign 
                       {\ifnum 0=`}\fi \@aboverulesep =\aboverulesep \global...
l.139 }
       
I expect to see \noalign only after the \cr of
an alignment. Proceed, and I'll ignore this case.


Overfull \hbox (29.999pt too wide) in paragraph at lines 139--139
 [] 
 []


Underfull \vbox (badness 10000) has occurred while \output is active []

LaTeX Info: Redefining \. on input line 140.
LaTeX Info: Redefining \% on input line 140.

Overfull \vbox (0.85403pt too high) has occurred while \output is active []


[16pdfTeX warning (ext4): destination with the same identifier (name{table.Alph
2.2}) has been already used, duplicate ignored

\AtBegShi@Output ...ipout \box \AtBeginShipoutBox 
                                                  \fi \fi 
l.140 
      ]
Overfull \hbox (14.22638pt too wide) in paragraph at lines 167--167
[]|[]| 
 []


Overfull \hbox (14.22638pt too wide) in paragraph at lines 167--167
[]|[]| 
 []


Overfull \hbox (2.22562pt too wide) in paragraph at lines 167--167
[]|\T1/lmr/m/n/12 (-20) Paso| 
 []


Overfull \hbox (0.72644pt too wide) in paragraph at lines 167--167
[]|\T1/lmr/m/n/12 (-20) Alta| 
 []


Overfull \hbox (0.72644pt too wide) in paragraph at lines 167--167
[]|\T1/lmr/m/n/12 (-20) Alta| 
 []

! Misplaced \noalign.
\bottomrule ->\noalign 
                       {\ifnum 0=`}\fi \@aboverulesep =\aboverulesep \global...
l.167 }
       
I expect to see \noalign only after the \cr of
an alignment. Proceed, and I'll ignore this case.


Overfull \hbox (29.999pt too wide) in paragraph at lines 167--167
 [] 
 []


Underfull \vbox (badness 10000) has occurred while \output is active []

LaTeX Info: Redefining \. on input line 168.
LaTeX Info: Redefining \% on input line 168.

Overfull \vbox (0.85403pt too high) has occurred while \output is active []


[17pdfTeX warning (ext4): destination with the same identifier (name{table.Alph
2.3}) has been already used, duplicate ignored

\AtBegShi@Output ...ipout \box \AtBeginShipoutBox 
                                                  \fi \fi 
l.168 
      ]
Overfull \hbox (14.22638pt too wide) in paragraph at lines 197--197
[]|[]| 
 []


Overfull \hbox (14.22638pt too wide) in paragraph at lines 197--197
[]|[]| 
 []


Overfull \hbox (2.22562pt too wide) in paragraph at lines 197--197
[]|\T1/lmr/m/n/12 (-20) Paso| 
 []


Overfull \hbox (0.72644pt too wide) in paragraph at lines 197--197
[]|\T1/lmr/m/n/12 (-20) Alta| 
 []


Overfull \hbox (0.72644pt too wide) in paragraph at lines 197--197
[]|\T1/lmr/m/n/12 (-20) Alta| 
 []


Overfull \hbox (29.999pt too wide) in paragraph at lines 197--197
 [] 
 []


Underfull \vbox (badness 10000) has occurred while \output is active []

LaTeX Info: Redefining \. on input line 198.
LaTeX Info: Redefining \% on input line 198.

Overfull \vbox (0.85403pt too high) has occurred while \output is active []


[18pdfTeX warning (ext4): destination with the same identifier (name{table.Alph
2.4}) has been already used, duplicate ignored

\AtBegShi@Output ...ipout \box \AtBeginShipoutBox 
                                                  \fi \fi 
l.198 
      ]
Overfull \hbox (14.22638pt too wide) in paragraph at lines 220--220
[]|[]| 
 []


Overfull \hbox (14.22638pt too wide) in paragraph at lines 220--220
[]|[]| 
 []


Overfull \hbox (2.22562pt too wide) in paragraph at lines 220--220
[]|\T1/lmr/m/n/12 (-20) Paso| 
 []


Overfull \hbox (0.72644pt too wide) in paragraph at lines 220--220
[]|\T1/lmr/m/n/12 (-20) Alta| 
 []


Overfull \hbox (0.72644pt too wide) in paragraph at lines 220--220
[]|\T1/lmr/m/n/12 (-20) Alta| 
 []


Overfull \hbox (29.999pt too wide) in paragraph at lines 220--220
 [] 
 []


Underfull \vbox (badness 10000) has occurred while \output is active []

LaTeX Info: Redefining \. on input line 221.
LaTeX Info: Redefining \% on input line 221.

Overfull \vbox (0.85403pt too high) has occurred while \output is active []


[19pdfTeX warning (ext4): destination with the same identifier (name{table.Alph
2.5}) has been already used, duplicate ignored

\AtBegShi@Output ...ipout \box \AtBeginShipoutBox 
                                                  \fi \fi 
l.221 
      ]
Overfull \hbox (14.22638pt too wide) in paragraph at lines 243--243
[]|[]| 
 []


Overfull \hbox (14.22638pt too wide) in paragraph at lines 243--243
[]|[]| 
 []


Overfull \hbox (2.22562pt too wide) in paragraph at lines 243--243
[]|\T1/lmr/m/n/12 (-20) Paso| 
 []


Overfull \hbox (0.72644pt too wide) in paragraph at lines 243--243
[]|\T1/lmr/m/n/12 (-20) Alta| 
 []


Overfull \hbox (0.72644pt too wide) in paragraph at lines 243--243
[]|\T1/lmr/m/n/12 (-20) Alta| 
 []


Overfull \hbox (29.999pt too wide) in paragraph at lines 243--243
 [] 
 []


Underfull \vbox (badness 10000) has occurred while \output is active []

LaTeX Info: Redefining \. on input line 244.
LaTeX Info: Redefining \% on input line 244.

Overfull \vbox (0.85403pt too high) has occurred while \output is active []


[20pdfTeX warning (ext4): destination with the same identifier (name{table.Alph
2.6}) has been already used, duplicate ignored

\AtBegShi@Output ...ipout \box \AtBeginShipoutBox 
                                                  \fi \fi 
l.244 
      ]
Overfull \hbox (14.22638pt too wide) in paragraph at lines 268--268
[]|[]| 
 []


Overfull \hbox (14.22638pt too wide) in paragraph at lines 268--268
[]|[]| 
 []


Overfull \hbox (2.22562pt too wide) in paragraph at lines 268--268
[]|\T1/lmr/m/n/12 (-20) Paso| 
 []


Overfull \hbox (2.17484pt too wide) in paragraph at lines 268--268
[]|\T1/lmr/m/n/12 (-20) Baja| 
 []


Overfull \hbox (2.17484pt too wide) in paragraph at lines 268--268
[]|\T1/lmr/m/n/12 (-20) Baja| 
 []

! Misplaced \noalign.
\bottomrule ->\noalign 
                       {\ifnum 0=`}\fi \@aboverulesep =\aboverulesep \global...
l.268 }
       
I expect to see \noalign only after the \cr of
an alignment. Proceed, and I'll ignore this case.


Overfull \hbox (29.999pt too wide) in paragraph at lines 268--268
 [] 
 []


Underfull \vbox (badness 10000) has occurred while \output is active []

LaTeX Info: Redefining \. on input line 269.
LaTeX Info: Redefining \% on input line 269.

Overfull \vbox (0.85403pt too high) has occurred while \output is active []


[21pdfTeX warning (ext4): destination with the same identifier (name{table.Alph
2.7}) has been already used, duplicate ignored

\AtBegShi@Output ...ipout \box \AtBeginShipoutBox 
                                                  \fi \fi 
l.269 
      ])
LaTeX Info: Redefining \. on input line 395.
LaTeX Info: Redefining \% on input line 395.

Overfull \vbox (0.85403pt too high) has occurred while \output is active []


[22pdfTeX warning (ext4): destination with the same identifier (name{table.Alph
2.8}) has been already used, duplicate ignored

\AtBegShi@Output ...ipout \box \AtBeginShipoutBox 
                                                  \fi \fi 
l.395 \include{./tex/B_Requisitos}
                                  ]
\openout2 = `./tex/C_Diseno.aux'.

 (tex/C_Diseno.tex
<./img/ModeloER.png, id=691, 3312.375pt x 2146.0175pt>
File: ./img/ModeloER.png Graphic file (type png)
<use ./img/ModeloER.png>
Package pdftex.def Info: ./img/ModeloER.png  used on input line 15.
(pdftex.def)             Requested size: 3312.36697pt x 2146.01228pt.

Overfull \hbox (42.37238pt too wide) in paragraph at lines 15--16
[][] 
 []


Underfull \vbox (badness 10000) has occurred while \output is active []

 [23



]
Overfull \vbox (37.3578pt too high) has occurred while \output is active []

LaTeX Info: Redefining \. on input line 17.
LaTeX Info: Redefining \% on input line 17.

Overfull \vbox (0.85403pt too high) has occurred while \output is active []


[24 <./img/ModeloER.png>]
<./img/TablaASIGNATURAS.png, id=702, 257.46187pt x 150.5625pt>
File: ./img/TablaASIGNATURAS.png Graphic file (type png)
<use ./img/TablaASIGNATURAS.png>
Package pdftex.def Info: ./img/TablaASIGNATURAS.png  used on input line 25.
(pdftex.def)             Requested size: 344.69766pt x 201.59416pt.
LaTeX Info: Redefining \. on input line 40.
LaTeX Info: Redefining \% on input line 40.
 [25pdfTeX warning (ext4): destination with the same identifier (name{figure.Al
ph3.1}) has been already used, duplicate ignored

\AtBegShi@Output ...ipout \box \AtBeginShipoutBox 
                                                  \fi \fi 
l.40 \textbf
            {Tipologia}: se almacena la tipologa del grupo, que puede ser ...
 <./img/TablaASIGNATURAS.png>]
<./img/TablaGRUPOS.png, id=710, 261.22594pt x 75.28125pt>
File: ./img/TablaGRUPOS.png Graphic file (type png)
<use ./img/TablaGRUPOS.png>
Package pdftex.def Info: ./img/TablaGRUPOS.png  used on input line 55.
(pdftex.def)             Requested size: 344.69766pt x 99.33823pt.
LaTeX Info: Redefining \. on input line 67.
LaTeX Info: Redefining \% on input line 67.

Overfull \vbox (0.85403pt too high) has occurred while \output is active []


[26pdfTeX warning (ext4): destination with the same identifier (name{figure.Alp
h3.2}) has been already used, duplicate ignored

\AtBegShi@Output ...ipout \box \AtBeginShipoutBox 
                                                  \fi \fi 
l.67 \textbf
            {Total\_Alumnos}: en este campo se almacena la cantidad de alumn...
 <./img/TablaGRUPOS.png>]
<./img/TablaPROFESORES.png, id=716, 264.99pt x 103.88812pt>
File: ./img/TablaPROFESORES.png Graphic file (type png)
<use ./img/TablaPROFESORES.png>
Package pdftex.def Info: ./img/TablaPROFESORES.png  used on input line 73.
(pdftex.def)             Requested size: 344.69766pt x 135.14647pt.
LaTeX Info: Redefining \. on input line 89.
LaTeX Info: Redefining \% on input line 89.
 [27pdfTeX warning (ext4): destination with the same identifier (name{figure.Al
ph3.3}) has been already used, duplicate ignored

\AtBegShi@Output ...ipout \box \AtBeginShipoutBox 
                                                  \fi \fi 
l.89 \textbf
            {Nombre\_Apellidos}: es un campo que almacena el nombre y apelli...
 <./img/TablaPROFESORES.png>])
LaTeX Info: Redefining \. on input line 396.
LaTeX Info: Redefining \% on input line 396.

Overfull \vbox (0.85403pt too high) has occurred while \output is active []


[28]
\openout2 = `./tex/D_Manual_programador.aux'.

 (tex/D_Manual_programador.tex) [29



]
\openout2 = `./tex/E_Manual_usuario.aux'.

 (tex/E_Manual_usuario.tex [30



])
[31] (anexos.bbl [32


]

Package natbib Warning: Empty `thebibliography' environment on input line 3.

)

Class memoir Warning: The material used in the headers is too large
(15.35403pt) for the given head height (14.5pt), it is recommended to
either increase the head height or redesign the header
(in both cases you will find help in the memoir manual). on input line 404.

[33]
\tf@toc=\write5
\openout5 = `anexos.toc'.

\tf@lof=\write6
\openout6 = `anexos.lof'.

\tf@lot=\write7
\openout7 = `anexos.lot'.

Package atveryend Info: Empty hook `BeforeClearDocument' on input line 404.
Package atveryend Info: Empty hook `AfterLastShipout' on input line 404.
 (anexos.aux
LaTeX Info: Redefining \. on input line 24.
LaTeX Info: Redefining \% on input line 24.
LaTeX Info: Redefining \. on input line 25.
LaTeX Info: Redefining \% on input line 25.
 (tex/A_Plan_proyecto.aux) (tex/B_Requisitos.aux)
(tex/C_Diseno.aux) (tex/D_Manual_programador.aux) (tex/E_Manual_usuario.aux))
Package atveryend Info: Executing hook `AtVeryEndDocument' on input line 404.
Package atveryend Info: Executing hook `AtEndAfterFileList' on input line 404.
Package rerunfilecheck Info: File `anexos.out' has not changed.
(rerunfilecheck)             Checksum: AB89CD41A539C85554159A402001CD6C;2164.


LaTeX Font Warning: Some font shapes were not available, defaults substituted.


LaTeX Warning: There were multiply-defined labels.

Package atveryend Info: Empty hook `AtVeryVeryEnd' on input line 404.
 ) 
Here is how much of TeX's memory you used:
 13339 strings out of 492946
 199777 string characters out of 3126266
 380019 words of memory out of 3000000
 16781 multiletter control sequences out of 15000+200000
 87715 words of font info for 107 fonts, out of 3000000 for 9000
 1141 hyphenation exceptions out of 8191
 46i,15n,43p,555b,710s stack positions out of 5000i,500n,10000p,200000b,50000s
{C:/Users/mdmar/AppData/Local/Programs/MiKTeX 2.9/fonts/enc/dvips/lm/lm-ec.en
c}{C:/Users/mdmar/AppData/Local/Programs/MiKTeX 2.9/fonts/enc/dvips/lm/lm-maths
y.enc}<C:/Users/mdmar/AppData/Local/Programs/MiKTeX 2.9/fonts/type1/public/euro
sym/feybr10.pfb><C:/Users/mdmar/AppData/Local/Programs/MiKTeX 2.9/fonts/type1/p
ublic/lm/lmbx12.pfb><C:/Users/mdmar/AppData/Local/Programs/MiKTeX 2.9/fonts/typ
e1/public/lm/lmbx8.pfb><C:/Users/mdmar/AppData/Local/Programs/MiKTeX 2.9/fonts/
type1/public/lm/lmbxi10.pfb><C:/Users/mdmar/AppData/Local/Programs/MiKTeX 2.9/f
onts/type1/public/lm/lmcsc10.pfb><C:/Users/mdmar/AppData/Local/Programs/MiKTeX 
2.9/fonts/type1/public/lm/lmr12.pfb><C:/Users/mdmar/AppData/Local/Programs/MiKT
eX 2.9/fonts/type1/public/lm/lmr17.pfb><C:/Users/mdmar/AppData/Local/Programs/M
iKTeX 2.9/fonts/type1/public/lm/lmr8.pfb><C:/Users/mdmar/AppData/Local/Programs
/MiKTeX 2.9/fonts/type1/public/lm/lmri12.pfb><C:/Users/mdmar/AppData/Local/Prog
rams/MiKTeX 2.9/fonts/type1/public/lm/lmro12.pfb><C:/Users/mdmar/AppData/Local/
Programs/MiKTeX 2.9/fonts/type1/public/lm/lmssbx10.pfb><C:/Users/mdmar/AppData/
Local/Programs/MiKTeX 2.9/fonts/type1/public/lm/lmsso17.pfb><C:/Users/mdmar/App
Data/Local/Programs/MiKTeX 2.9/fonts/type1/public/lm/lmsy10.pfb>
Output written on anexos.pdf (39 pages, 956220 bytes).
PDF statistics:
 816 PDF objects out of 1000 (max. 8388607)
 103 named destinations out of 1000 (max. 500000)
 21772 words of extra memory for PDF output out of 24883 (max. 10000000)

