\BOOKMARK [0][-]{section*.1}{\315ndice general}{}% 1
\BOOKMARK [0][-]{section*.2}{\315ndice de figuras}{}% 2
\BOOKMARK [0][-]{section*.3}{\315ndice de tablas}{}% 3
\BOOKMARK [0][-]{chapter*.4}{Introducci\363n}{}% 4
\BOOKMARK [1][-]{section.1.1}{Estructura de la memoria}{chapter*.4}% 5
\BOOKMARK [0][-]{chapter*.5}{Objetivos del proyecto}{}% 6
\BOOKMARK [1][-]{section.2.1}{Objetivo general}{chapter*.5}% 7
\BOOKMARK [1][-]{section.2.2}{Objetivos t\351cnicos}{chapter*.5}% 8
\BOOKMARK [0][-]{chapter*.6}{Conceptos te\363ricos}{}% 9
\BOOKMARK [1][-]{section.3.1}{Sistema de Informaci\363n}{chapter*.6}% 10
\BOOKMARK [1][-]{section.3.2}{Parseado de Datos}{chapter*.6}% 11
\BOOKMARK [1][-]{section.3.3}{Gr\341ficos Representados}{chapter*.6}% 12
\BOOKMARK [0][-]{chapter*.14}{T\351cnicas y herramientas}{}% 13
\BOOKMARK [1][-]{section.4.1}{Metodolog\355as}{chapter*.14}% 14
\BOOKMARK [1][-]{section.4.2}{Lenguaje de Programaci\363n}{chapter*.14}% 15
\BOOKMARK [1][-]{section.4.3}{Entorno de Desarrollo}{chapter*.14}% 16
\BOOKMARK [1][-]{section.4.4}{Control de Versiones}{chapter*.14}% 17
\BOOKMARK [1][-]{section.4.5}{Documentaci\363n}{chapter*.14}% 18
\BOOKMARK [1][-]{section.4.6}{Otras Herramientas}{chapter*.14}% 19
\BOOKMARK [0][-]{chapter*.26}{Aspectos relevantes del desarrollo del proyecto}{}% 20
\BOOKMARK [1][-]{section.5.1}{Inicio del proyecto}{chapter*.26}% 21
\BOOKMARK [1][-]{section.5.2}{Metodolog\355as}{chapter*.26}% 22
\BOOKMARK [1][-]{section.5.3}{Toma de decisiones}{chapter*.26}% 23
\BOOKMARK [1][-]{section.5.4}{Librer\355as para el tratamiento y manipulaci\363n de datos}{chapter*.26}% 24
\BOOKMARK [1][-]{section.5.5}{Interfaz de usuario del proyecto}{chapter*.26}% 25
\BOOKMARK [1][-]{section.5.6}{Problemas encontrados}{chapter*.26}% 26
\BOOKMARK [0][-]{chapter*.35}{Trabajos relacionados}{}% 27
\BOOKMARK [0][-]{chapter*.36}{Conclusiones y L\355neas de trabajo futuras}{}% 28
\BOOKMARK [1][-]{section.7.1}{Conclusiones}{chapter*.36}% 29
\BOOKMARK [1][-]{section.7.2}{L\355neas de trabajo futuras}{chapter*.36}% 30
\BOOKMARK [0][-]{chapter*.37}{Bibliograf\355a}{}% 31
